<?xml version="1.0" encoding="UTF-8"?>
<!-- Generated by org.testng.reporters.JUnitXMLReporter -->
<testsuite ignored="0" hostname="Mayur" failures="0" tests="5" name="Default test" time="19.698" errors="0" timestamp="2023-10-26T00:24:47 IST">
  <testcase classname="testpackage.TestWevendStore" name="VerifyWevendLaunch" time="0.836"/>
  <testcase classname="testpackage.TestWevendStore" name="VerifyAddTocart" time="3.62"/>
  <testcase classname="testpackage.TestWevendStore" name="VerifyCheckoutPage" time="2.633"/>
  <testcase classname="testpackage.TestWevendStore" name="VerifyPaymentgatway" time="2.597"/>
  <testcase classname="testpackage.TestWevendStore" name="VerifySuccessPage" time="6.43"/>
</testsuite> <!-- Default test -->
