<?xml version="1.0" encoding="UTF-8"?>
<!-- Generated by org.testng.reporters.JUnitXMLReporter -->
<testsuite ignored="3" hostname="Mayur" failures="2" tests="5" name="Test" time="7.722" errors="0" timestamp="2023-10-17T14:50:07 IST">
  <testcase classname="testpacakage.BaseTest" name="@AfterMethod testResult" time="0.148">
    <failure type="java.lang.NullPointerException" message="Cannot invoke &amp;quot;utility.Utility.timeStamp()&amp;quot; because &amp;quot;this.utility_obj&amp;quot; is null">
      <![CDATA[java.lang.NullPointerException: Cannot invoke "utility.Utility.timeStamp()" because "this.utility_obj" is null
at testpacakage.BaseTest.testResult(BaseTest.java:65)
at java.base/java.util.ArrayList.forEach(ArrayList.java:1511)
... Removed 32 stack frames]]>
    </failure>
  </testcase> <!-- @AfterMethod testResult -->
  <testcase classname="testpacakage.BaseTest" name="@AfterMethod testResult" time="-1.697534407004E9">
    <skipped/>
  </testcase> <!-- @AfterMethod testResult -->
  <testcase classname="testpacakage.BaseTest" name="@AfterMethod testResult" time="-1.697534407007E9">
    <skipped/>
  </testcase> <!-- @AfterMethod testResult -->
  <testcase classname="testpacakage.BaseTest" name="@AfterClass close" time="-1.697534407008E9">
    <skipped/>
  </testcase> <!-- @AfterClass close -->
  <testcase classname="testpacakage.CarWash" name="launchUrl" time="3.033">
    <failure type="java.lang.AssertionError" message="expected [true] but found [false]">
      <![CDATA[java.lang.AssertionError: expected [true] but found [false]
at testpacakage.CarWash.launchUrl(CarWash.java:20)
at java.base/java.util.ArrayList.forEach(ArrayList.java:1511)
... Removed 31 stack frames]]>
    </failure>
  </testcase> <!-- launchUrl -->
  <testcase classname="testpacakage.CarWash" name="verifyHompageUrl2" time="0.008"/>
  <testcase classname="testpacakage.Wevend" name="launchUrl1" time="0.002">
    <failure type="java.lang.NullPointerException" message="Cannot invoke &amp;quot;configfile.ConfigFileReader.getProperty(String)&amp;quot; because &amp;quot;this.prop&amp;quot; is null">
      <![CDATA[java.lang.NullPointerException: Cannot invoke "configfile.ConfigFileReader.getProperty(String)" because "this.prop" is null
at testpacakage.Wevend.launchUrl1(Wevend.java:20)
at java.base/java.util.ArrayList.forEach(ArrayList.java:1511)
... Removed 27 stack frames]]>
    </failure>
  </testcase> <!-- launchUrl1 -->
  <testcase classname="testpacakage.Wevend" name="logsGeneration1" time="0.0">
    <skipped/>
  </testcase> <!-- logsGeneration1 -->
  <testcase classname="testpacakage.Wevend" name="verifyHompageUrl" time="0.0">
    <skipped/>
  </testcase> <!-- verifyHompageUrl -->
  <testcase classname="testpacakage.BaseTest" name="@BeforeTest objectmethod" time="0.0">
    <ignored/>
  </testcase> <!-- @BeforeTest objectmethod -->
  <testcase classname="testpacakage.BaseTest" name="@BeforeTest startReporter" time="0.0">
    <ignored/>
  </testcase> <!-- @BeforeTest startReporter -->
  <testcase classname="testpacakage.BaseTest" name="@AfterTest closereporter" time="0.0">
    <ignored/>
  </testcase> <!-- @AfterTest closereporter -->
</testsuite> <!-- Test -->
