<?xml version="1.0" encoding="UTF-8"?>
<!-- Generated by org.testng.reporters.JUnitXMLReporter -->
<testsuite ignored="2" hostname="Mayur" failures="0" tests="10" name="Wevend" time="57.182" errors="0" timestamp="2023-11-01T09:58:56 IST">
  <testcase classname="com.Remosys.Wevend.TestLayer.TestWevendStore" name="VerifyWevendLaunch" time="0.996"/>
  <testcase classname="com.Remosys.Wevend.TestLayer.TestWevendStore" name="VerifyAddTocart" time="3.577"/>
  <testcase classname="com.Remosys.Wevend.TestLayer.TestWevendStore" name="VerifyCheckoutPage" time="2.18"/>
  <testcase classname="com.Remosys.Wevend.TestLayer.TestWevendStore" name="VerifyPaymentgatway" time="5.77"/>
  <testcase classname="com.Remosys.Wevend.TestLayer.TestWevendStore" name="VerifySuccessPage" time="11.419"/>
  <testcase classname="com.Remosys.Wevend.TestLayer.TestCarwash" name="verifylaunchCarWash" time="0.832"/>
  <testcase classname="com.Remosys.Wevend.TestLayer.TestCarwash" name="verifyAmountSelection" time="2.015"/>
  <testcase classname="com.Remosys.Wevend.TestLayer.TestCarwash" name="verifyPaymentGatewaypage" time="0.46"/>
  <testcase classname="com.Remosys.Wevend.TestLayer.TestCarwash" name="verifyCountdownTimerPage" time="24.223"/>
  <testcase classname="com.Remosys.Wevend.TestLayer.TestCarwash" name="verifySuccessfulPaymentPage" time="0.095"/>
  <testcase classname="com.Remosys.Wevend.TestLayer.BaseTest" name="@BeforeSuite startReporter" time="0.0">
    <ignored/>
  </testcase> <!-- @BeforeSuite startReporter -->
  <testcase classname="com.Remosys.Wevend.TestLayer.BaseTest" name="@AfterSuite closereporter" time="0.0">
    <ignored/>
  </testcase> <!-- @AfterSuite closereporter -->
</testsuite> <!-- Wevend -->
