<?xml version="1.0" encoding="UTF-8"?>
<testsuite xmlns:xsi="http://www.w3.org/2001/XMLSchema-instance" xsi:noNamespaceSchemaLocation="https://maven.apache.org/surefire/maven-surefire-plugin/xsd/surefire-test-report-3.0.xsd" version="3.0" name="TestSuite" time="81.47" tests="12" errors="0" skipped="0" failures="2">
  <properties>
[...]
</properties>
  <testcase name="testHabcoLaunch" classname="com.Remosys.Wevend.TestLayer.TestHabcoPage" time="1.425">
    <system-err><![CDATA[SLF4J: Class path contains multiple SLF4J bindings.
SLF4J: Found binding in [jar:file:/C:/Users/Soft/.m2/repository/org/slf4j/slf4j-simple/1.7.30/slf4j-simple-1.7.30.jar!/org/slf4j/impl/StaticLoggerBinder.class]
SLF4J: Found binding in [jar:file:/C:/Users/Soft/.m2/repository/org/apache/logging/log4j/log4j-slf4j-impl/2.14.1/log4j-slf4j-impl-2.14.1.jar!/org/slf4j/impl/StaticLoggerBinder.class]
SLF4J: See http://www.slf4j.org/codes.html#multiple_bindings for an explanation.
SLF4J: Actual binding is of type [org.slf4j.impl.SimpleLoggerFactory]
Nov 29, 2023 4:40:17 PM org.openqa.selenium.devtools.CdpVersionFinder findNearestMatch
WARNING: Unable to find an exact match for CDP version 119, so returning the closest version found: 117
]]></system-err>
  </testcase>
  <testcase name="testAddTSoCartFunctionality" classname="com.Remosys.Wevend.TestLayer.TestHabcoPage" time="3.355"/>
  <testcase name="testNavigationToCheckoutPage" classname="com.Remosys.Wevend.TestLayer.TestHabcoPage" time="0.898"/>
  <testcase name="testNavigationToPaymentPage" classname="com.Remosys.Wevend.TestLayer.TestHabcoPage" time="7.329"/>
  <testcase name="testPaymentProcess" classname="com.Remosys.Wevend.TestLayer.TestHabcoPage" time="3.225"/>
  <testcase name="testSuccessfullPayment" classname="com.Remosys.Wevend.TestLayer.TestHabcoPage" time="21.18">
    <failure message="Expected condition failed: waiting for visibility of Proxy element for: DefaultElementLocator &apos;By.xpath: //span[contains(text(),&apos;Thank you&apos;)]&apos; (tried for 15 second(s) with 500 milliseconds interval)" type="org.openqa.selenium.TimeoutException"><![CDATA[org.openqa.selenium.TimeoutException: Expected condition failed: waiting for visibility of Proxy element for: DefaultElementLocator 'By.xpath: //span[contains(text(),'Thank you')]' (tried for 15 second(s) with 500 milliseconds interval)
	at com.Remosys.Wevend.TestLayer.TestHabcoPage.testSuccessfullPayment(TestHabcoPage.java:195)
Caused by: org.openqa.selenium.NoSuchElementException: 
no such element: Unable to locate element: {"method":"xpath","selector":"//span[contains(text(),'Thank you')]"}
  (Session info: chrome=119.0.6045.160)
For documentation on this error, please visit: https://www.selenium.dev/documentation/webdriver/troubleshooting/errors#no-such-element-exception
Build info: version: '4.13.0', revision: 'ba948ece5b*'
System info: os.name: 'Windows 11', os.arch: 'amd64', os.version: '10.0', java.version: '11.0.20'
Driver info: org.openqa.selenium.chrome.ChromeDriver
Command: [3eb24f1b34fcb3a1a24d3605e7945620, findElement {using=xpath, value=//span[contains(text(),'Thank you')]}]
Capabilities {acceptInsecureCerts: false, browserName: chrome, browserVersion: 119.0.6045.160, chrome: {chromedriverVersion: 119.0.6045.105 (38c72552c5e..., userDataDir: C:\Users\Soft\AppData\Local...}, fedcm:accounts: true, goog:chromeOptions: {debuggerAddress: localhost:54250}, networkConnectionEnabled: false, pageLoadStrategy: normal, platformName: windows, proxy: Proxy(), se:cdp: ws://localhost:54250/devtoo..., se:cdpVersion: 119.0.6045.160, setWindowRect: true, strictFileInteractability: false, timeouts: {implicit: 0, pageLoad: 300000, script: 30000}, unhandledPromptBehavior: dismiss and notify, webauthn:extension:credBlob: true, webauthn:extension:largeBlob: true, webauthn:extension:minPinLength: true, webauthn:extension:prf: true, webauthn:virtualAuthenticators: true}
Session ID: 3eb24f1b34fcb3a1a24d3605e7945620
	at com.Remosys.Wevend.TestLayer.TestHabcoPage.testSuccessfullPayment(TestHabcoPage.java:195)
]]></failure>
  </testcase>
  <testcase name="testGumballLaunch" classname="com.Remosys.Wevend.TestLayer.TestGumBallPage" time="1.787">
    <system-err><![CDATA[Nov 29, 2023 4:40:59 PM org.openqa.selenium.devtools.CdpVersionFinder findNearestMatch
WARNING: Unable to find an exact match for CDP version 119, so returning the closest version found: 117
]]></system-err>
  </testcase>
  <testcase name="testAddToCartFunctionality" classname="com.Remosys.Wevend.TestLayer.TestGumBallPage" time="3.205"/>
  <testcase name="testNavigationToCheckoutPage" classname="com.Remosys.Wevend.TestLayer.TestGumBallPage" time="1.092"/>
  <testcase name="testNavigationToPaymentPage" classname="com.Remosys.Wevend.TestLayer.TestGumBallPage" time="4.777"/>
  <testcase name="testPaymentProcess" classname="com.Remosys.Wevend.TestLayer.TestGumBallPage" time="1.003"/>
  <testcase name="testSuccessfullPayment" classname="com.Remosys.Wevend.TestLayer.TestGumBallPage" time="21.157">
    <failure message="Expected condition failed: waiting for visibility of Proxy element for: DefaultElementLocator &apos;By.xpath: //span[contains(text(),&apos;Thank you&apos;)]&apos; (tried for 15 second(s) with 500 milliseconds interval)" type="org.openqa.selenium.TimeoutException"><![CDATA[org.openqa.selenium.TimeoutException: Expected condition failed: waiting for visibility of Proxy element for: DefaultElementLocator 'By.xpath: //span[contains(text(),'Thank you')]' (tried for 15 second(s) with 500 milliseconds interval)
	at com.Remosys.Wevend.TestLayer.TestGumBallPage.testSuccessfullPayment(TestGumBallPage.java:193)
Caused by: org.openqa.selenium.NoSuchElementException: 
no such element: Unable to locate element: {"method":"xpath","selector":"//span[contains(text(),'Thank you')]"}
  (Session info: chrome=119.0.6045.160)
For documentation on this error, please visit: https://www.selenium.dev/documentation/webdriver/troubleshooting/errors#no-such-element-exception
Build info: version: '4.13.0', revision: 'ba948ece5b*'
System info: os.name: 'Windows 11', os.arch: 'amd64', os.version: '10.0', java.version: '11.0.20'
Driver info: org.openqa.selenium.chrome.ChromeDriver
Command: [c5a6e16c3f3a51e91724562cb7ed3618, findElement {using=xpath, value=//span[contains(text(),'Thank you')]}]
Capabilities {acceptInsecureCerts: false, browserName: chrome, browserVersion: 119.0.6045.160, chrome: {chromedriverVersion: 119.0.6045.105 (38c72552c5e..., userDataDir: C:\Users\Soft\AppData\Local...}, fedcm:accounts: true, goog:chromeOptions: {debuggerAddress: localhost:54324}, networkConnectionEnabled: false, pageLoadStrategy: normal, platformName: windows, proxy: Proxy(), se:cdp: ws://localhost:54324/devtoo..., se:cdpVersion: 119.0.6045.160, setWindowRect: true, strictFileInteractability: false, timeouts: {implicit: 0, pageLoad: 300000, script: 30000}, unhandledPromptBehavior: dismiss and notify, webauthn:extension:credBlob: true, webauthn:extension:largeBlob: true, webauthn:extension:minPinLength: true, webauthn:extension:prf: true, webauthn:virtualAuthenticators: true}
Session ID: c5a6e16c3f3a51e91724562cb7ed3618
	at com.Remosys.Wevend.TestLayer.TestGumBallPage.testSuccessfullPayment(TestGumBallPage.java:193)
]]></failure>
  </testcase>
</testsuite>