<?xml version="1.0" encoding="UTF-8"?>
<testsuite xmlns:xsi="http://www.w3.org/2001/XMLSchema-instance" xsi:noNamespaceSchemaLocation="https://maven.apache.org/surefire/maven-surefire-plugin/xsd/surefire-test-report.xsd" name="TestSuite" time="0.958" tests="35" errors="0" skipped="31" failures="4">
  <properties>
[...]
</properties>
  <testcase name="setUp" classname="com.Remosys.Wevend.TestLayer.TestCarwash" time="0.738">
    <failure message="&#10;Parameter &apos;browser&apos; is required by BeforeClass on method setUp but has not been marked @Optional or defined&#10;" type="org.testng.TestNGException">org.testng.TestNGException: 

Parameter 'browser' is required by BeforeClass on method setUp but has not been marked @Optional or defined

</failure>
  </testcase>
  <testcase name="testCarWashLaunch" classname="com.Remosys.Wevend.TestLayer.TestCarwash" time="0">
    <skipped message="&#10;Parameter &apos;browser&apos; is required by BeforeClass on method setUp but has not been marked @Optional or defined&#10;"/>
  </testcase>
  <testcase name="testResult" classname="com.Remosys.Wevend.TestLayer.TestCarwash" time="0">
    <skipped/>
  </testcase>
  <testcase name="testAmountSelection" classname="com.Remosys.Wevend.TestLayer.TestCarwash" time="0">
    <skipped message="Method TestCarwash.testAmountSelection()[pri:0, instance:com.Remosys.Wevend.TestLayer.TestCarwash@29647f75] depends on not successfully finished methods"/>
  </testcase>
  <testcase name="TestPaymentGatewayPage" classname="com.Remosys.Wevend.TestLayer.TestCarwash" time="0">
    <skipped message="Method TestCarwash.TestPaymentGatewayPage()[pri:0, instance:com.Remosys.Wevend.TestLayer.TestCarwash@29647f75] depends on not successfully finished methods"/>
  </testcase>
  <testcase name="testCountdownTimerPage" classname="com.Remosys.Wevend.TestLayer.TestCarwash" time="0">
    <skipped message="Method TestCarwash.testCountdownTimerPage()[pri:0, instance:com.Remosys.Wevend.TestLayer.TestCarwash@29647f75] depends on not successfully finished methods"/>
  </testcase>
  <testcase name="testSuccessfulPaymentPage" classname="com.Remosys.Wevend.TestLayer.TestCarwash" time="0">
    <skipped message="Method TestCarwash.testSuccessfulPaymentPage()[pri:0, instance:com.Remosys.Wevend.TestLayer.TestCarwash@29647f75] depends on not successfully finished methods"/>
  </testcase>
  <testcase name="close" classname="com.Remosys.Wevend.TestLayer.TestCarwash" time="0">
    <skipped/>
  </testcase>
  <testcase name="setUp" classname="com.Remosys.Wevend.TestLayer.TestGumBallPage" time="0.002">
    <failure message="&#10;Parameter &apos;browser&apos; is required by BeforeClass on method setUp but has not been marked @Optional or defined&#10;" type="org.testng.TestNGException">org.testng.TestNGException: 

Parameter 'browser' is required by BeforeClass on method setUp but has not been marked @Optional or defined

</failure>
  </testcase>
  <testcase name="testGumballLaunch" classname="com.Remosys.Wevend.TestLayer.TestGumBallPage" time="0">
    <skipped message="&#10;Parameter &apos;browser&apos; is required by BeforeClass on method setUp but has not been marked @Optional or defined&#10;"/>
  </testcase>
  <testcase name="testResult" classname="com.Remosys.Wevend.TestLayer.TestGumBallPage" time="0">
    <skipped/>
  </testcase>
  <testcase name="testAddToCartFunctionality" classname="com.Remosys.Wevend.TestLayer.TestGumBallPage" time="0">
    <skipped message="Method TestGumBallPage.testAddToCartFunctionality()[pri:0, instance:com.Remosys.Wevend.TestLayer.TestGumBallPage@5fa07e12] depends on not successfully finished methods"/>
  </testcase>
  <testcase name="testNavigationToCheckoutPage" classname="com.Remosys.Wevend.TestLayer.TestGumBallPage" time="0">
    <skipped message="Method TestGumBallPage.testNavigationToCheckoutPage()[pri:0, instance:com.Remosys.Wevend.TestLayer.TestGumBallPage@5fa07e12] depends on not successfully finished methods"/>
  </testcase>
  <testcase name="testNavigationToPaymentPage" classname="com.Remosys.Wevend.TestLayer.TestGumBallPage" time="0">
    <skipped message="Method TestGumBallPage.testNavigationToPaymentPage()[pri:0, instance:com.Remosys.Wevend.TestLayer.TestGumBallPage@5fa07e12] depends on not successfully finished methods"/>
  </testcase>
  <testcase name="testPaymentProcess" classname="com.Remosys.Wevend.TestLayer.TestGumBallPage" time="0">
    <skipped message="Method TestGumBallPage.testPaymentProcess()[pri:0, instance:com.Remosys.Wevend.TestLayer.TestGumBallPage@5fa07e12] depends on not successfully finished methods"/>
  </testcase>
  <testcase name="testSuccessfullPayment" classname="com.Remosys.Wevend.TestLayer.TestGumBallPage" time="0">
    <skipped message="Method TestGumBallPage.testSuccessfullPayment()[pri:0, instance:com.Remosys.Wevend.TestLayer.TestGumBallPage@5fa07e12] depends on not successfully finished methods"/>
  </testcase>
  <testcase name="close" classname="com.Remosys.Wevend.TestLayer.TestGumBallPage" time="0">
    <skipped/>
  </testcase>
  <testcase name="setUp" classname="com.Remosys.Wevend.TestLayer.TestHabcoPage" time="0.001">
    <failure message="&#10;Parameter &apos;browser&apos; is required by BeforeClass on method setUp but has not been marked @Optional or defined&#10;" type="org.testng.TestNGException">org.testng.TestNGException: 

Parameter 'browser' is required by BeforeClass on method setUp but has not been marked @Optional or defined

</failure>
  </testcase>
  <testcase name="testHabcoLaunch" classname="com.Remosys.Wevend.TestLayer.TestHabcoPage" time="0">
    <skipped message="&#10;Parameter &apos;browser&apos; is required by BeforeClass on method setUp but has not been marked @Optional or defined&#10;"/>
  </testcase>
  <testcase name="testResult" classname="com.Remosys.Wevend.TestLayer.TestHabcoPage" time="0">
    <skipped/>
  </testcase>
  <testcase name="testAddTSoCartFunctionality" classname="com.Remosys.Wevend.TestLayer.TestHabcoPage" time="0">
    <skipped message="Method TestHabcoPage.testAddTSoCartFunctionality()[pri:0, instance:com.Remosys.Wevend.TestLayer.TestHabcoPage@55b53d44] depends on not successfully finished methods"/>
  </testcase>
  <testcase name="testNavigationToCheckoutPage" classname="com.Remosys.Wevend.TestLayer.TestHabcoPage" time="0">
    <skipped message="Method TestHabcoPage.testNavigationToCheckoutPage()[pri:0, instance:com.Remosys.Wevend.TestLayer.TestHabcoPage@55b53d44] depends on not successfully finished methods"/>
  </testcase>
  <testcase name="testNavigationToPaymentPage" classname="com.Remosys.Wevend.TestLayer.TestHabcoPage" time="0">
    <skipped message="Method TestHabcoPage.testNavigationToPaymentPage()[pri:0, instance:com.Remosys.Wevend.TestLayer.TestHabcoPage@55b53d44] depends on not successfully finished methods"/>
  </testcase>
  <testcase name="testPaymentProcess" classname="com.Remosys.Wevend.TestLayer.TestHabcoPage" time="0">
    <skipped message="Method TestHabcoPage.testPaymentProcess()[pri:0, instance:com.Remosys.Wevend.TestLayer.TestHabcoPage@55b53d44] depends on not successfully finished methods"/>
  </testcase>
  <testcase name="testSuccessfullPayment" classname="com.Remosys.Wevend.TestLayer.TestHabcoPage" time="0">
    <skipped message="Method TestHabcoPage.testSuccessfullPayment()[pri:0, instance:com.Remosys.Wevend.TestLayer.TestHabcoPage@55b53d44] depends on not successfully finished methods"/>
  </testcase>
  <testcase name="close" classname="com.Remosys.Wevend.TestLayer.TestHabcoPage" time="0">
    <skipped/>
  </testcase>
  <testcase name="setUp" classname="com.Remosys.Wevend.TestLayer.TestWevendStore" time="0.001">
    <failure message="&#10;Parameter &apos;browser&apos; is required by BeforeClass on method setUp but has not been marked @Optional or defined&#10;" type="org.testng.TestNGException">org.testng.TestNGException: 

Parameter 'browser' is required by BeforeClass on method setUp but has not been marked @Optional or defined

</failure>
  </testcase>
  <testcase name="testLaunchWevend" classname="com.Remosys.Wevend.TestLayer.TestWevendStore" time="0">
    <skipped message="&#10;Parameter &apos;browser&apos; is required by BeforeClass on method setUp but has not been marked @Optional or defined&#10;"/>
  </testcase>
  <testcase name="testResult" classname="com.Remosys.Wevend.TestLayer.TestWevendStore" time="0">
    <skipped/>
  </testcase>
  <testcase name="testAddTocartFunctionality" classname="com.Remosys.Wevend.TestLayer.TestWevendStore" time="0">
    <skipped message="Method TestWevendStore.testAddTocartFunctionality()[pri:0, instance:com.Remosys.Wevend.TestLayer.TestWevendStore@482bce4f] depends on not successfully finished methods"/>
  </testcase>
  <testcase name="testCheckoutPage" classname="com.Remosys.Wevend.TestLayer.TestWevendStore" time="0">
    <skipped message="Method TestWevendStore.testCheckoutPage()[pri:0, instance:com.Remosys.Wevend.TestLayer.TestWevendStore@482bce4f] depends on not successfully finished methods"/>
  </testcase>
  <testcase name="testPaymentGatewayPage" classname="com.Remosys.Wevend.TestLayer.TestWevendStore" time="0">
    <skipped message="Method TestWevendStore.testPaymentGatewayPage()[pri:0, instance:com.Remosys.Wevend.TestLayer.TestWevendStore@482bce4f] depends on not successfully finished methods"/>
  </testcase>
  <testcase name="testSuccessfullPayment" classname="com.Remosys.Wevend.TestLayer.TestWevendStore" time="0">
    <skipped message="Method TestWevendStore.testSuccessfullPayment()[pri:0, instance:com.Remosys.Wevend.TestLayer.TestWevendStore@482bce4f] depends on not successfully finished methods"/>
  </testcase>
  <testcase name="close" classname="com.Remosys.Wevend.TestLayer.TestWevendStore" time="0">
    <skipped/>
  </testcase>
  <testcase name="closeReporter" classname="com.Remosys.Wevend.TestLayer.BaseTest" time="0">
    <skipped/>
  </testcase>
</testsuite>