<!DOCTYPE html>

<html>
  <head>
  <meta charset='utf-8'>
  <title>TestNG reports</title>

    <link type="text/css" href="testng-reports1.css" rel="stylesheet" id="ultra" />
    <link type="text/css" href="testng-reports.css" rel="stylesheet" id="retro" disabled="false"/>
    <script type="text/javascript" src="jquery.min.js"></script>
    <script type="text/javascript" src="testng-reports.js"></script>
    <script type="text/javascript" src="https://www.google.com/jsapi"></script>
    <script type='text/javascript'>
      google.load('visualization', '1', {packages:['table']});
      google.setOnLoadCallback(drawTable);
      var suiteTableInitFunctions = new Array();
      var suiteTableData = new Array();
    </script>
    <!--
      <script type="text/javascript" src="jquery-ui/js/jquery-ui-1.8.16.custom.min.js"></script>
     -->
  </head>

  <body>
    <div class="top-banner-root">
      <span class="top-banner-title-font">Test results</span>
      <button id="button" class="button">Switch Retro Theme</button> <!-- button -->
      <br/>
      <span class="top-banner-font-1">1 suite, 4 failed tests</span>
    </div> <!-- top-banner-root -->
    <div class="navigator-root">
      <div class="navigator-suite-header">
        <span>All suites</span>
        <a href="#" title="Collapse/expand all the suites" class="collapse-all-link">
          <img src="collapseall.gif" class="collapse-all-icon">
          </img> <!-- collapse-all-icon -->
        </a> <!-- collapse-all-link -->
      </div> <!-- navigator-suite-header -->
      <div class="suite">
        <div class="rounded-window">
          <div class="suite-header light-rounded-window-top">
            <a href="#" panel-name="suite-Suite" class="navigator-link">
              <span class="suite-name border-failed">Suite</span>
            </a> <!-- navigator-link -->
          </div> <!-- suite-header light-rounded-window-top -->
          <div class="navigator-suite-content">
            <div class="suite-section-title">
              <span>Info</span>
            </div> <!-- suite-section-title -->
            <div class="suite-section-content">
              <ul>
                <li>
                  <a href="#" panel-name="test-xml-Suite" class="navigator-link ">
                    <span>C:\Users\Soft\git\ProjectWW\testng.xml</span>
                  </a> <!-- navigator-link  -->
                </li>
                <li>
                  <a href="#" panel-name="testlist-Suite" class="navigator-link ">
                    <span class="test-stats">1 test</span>
                  </a> <!-- navigator-link  -->
                </li>
                <li>
                  <a href="#" panel-name="group-Suite" class="navigator-link ">
                    <span>0 groups</span>
                  </a> <!-- navigator-link  -->
                </li>
                <li>
                  <a href="#" panel-name="times-Suite" class="navigator-link ">
                    <span>Times</span>
                  </a> <!-- navigator-link  -->
                </li>
                <li>
                  <a href="#" panel-name="reporter-Suite" class="navigator-link ">
                    <span>Reporter output</span>
                  </a> <!-- navigator-link  -->
                </li>
                <li>
                  <a href="#" panel-name="ignored-methods-Suite" class="navigator-link ">
                    <span>Ignored methods</span>
                  </a> <!-- navigator-link  -->
                </li>
                <li>
                  <a href="#" panel-name="chronological-Suite" class="navigator-link ">
                    <span>Chronological view</span>
                  </a> <!-- navigator-link  -->
                </li>
              </ul>
            </div> <!-- suite-section-content -->
            <div class="result-section">
              <div class="suite-section-title">
                <span>Results</span>
              </div> <!-- suite-section-title -->
              <div class="suite-section-content">
                <ul>
                  <li>
                    <span class="method-stats">22 methods, 4 failed,  1 skipped,  17 passed</span>
                  </li>
                  <li>
                    <span class="method-list-title failed">Failed methods</span>
                    <span class="show-or-hide-methods failed">
                      <a href="#" panel-name="suite-Suite" class="hide-methods failed suite-Suite"> (hide)</a> <!-- hide-methods failed suite-Suite -->
                      <a href="#" panel-name="suite-Suite" class="show-methods failed suite-Suite"> (show)</a> <!-- show-methods failed suite-Suite -->
                    </span>
                    <div class="method-list-content failed suite-Suite">
                      <span>
                        <img src="failed.png" width="3%"/>
                        <a href="#" panel-name="suite-Suite" title="com.Remosys.Wevend.TestLayer.TestCarwash" class="method navigator-link" hash-for-method="testCountdownTimerPage">testCountdownTimerPage</a> <!-- method navigator-link -->
                      </span>
                      <br/>
                      <span>
                        <img src="failed.png" width="3%"/>
                        <a href="#" panel-name="suite-Suite" title="com.Remosys.Wevend.TestLayer.TestWevendStore" class="method navigator-link" hash-for-method="testSuccessfullPayment">testSuccessfullPayment</a> <!-- method navigator-link -->
                      </span>
                      <br/>
                      <span>
                        <img src="failed.png" width="3%"/>
                        <a href="#" panel-name="suite-Suite" title="com.Remosys.Wevend.TestLayer.TestGumBallPage" class="method navigator-link" hash-for-method="testSuccessfullPayment">testSuccessfullPayment</a> <!-- method navigator-link -->
                      </span>
                      <br/>
                      <span>
                        <img src="failed.png" width="3%"/>
                        <a href="#" panel-name="suite-Suite" title="com.Remosys.Wevend.TestLayer.TestHabcoPage" class="method navigator-link" hash-for-method="testSuccessfullPayment">testSuccessfullPayment</a> <!-- method navigator-link -->
                      </span>
                      <br/>
                    </div> <!-- method-list-content failed suite-Suite -->
                  </li>
                  <li>
                    <span class="method-list-title skipped">Skipped methods</span>
                    <span class="show-or-hide-methods skipped">
                      <a href="#" panel-name="suite-Suite" class="hide-methods skipped suite-Suite"> (hide)</a> <!-- hide-methods skipped suite-Suite -->
                      <a href="#" panel-name="suite-Suite" class="show-methods skipped suite-Suite"> (show)</a> <!-- show-methods skipped suite-Suite -->
                    </span>
                    <div class="method-list-content skipped suite-Suite">
                      <span>
                        <img src="skipped.png" width="3%"/>
                        <a href="#" panel-name="suite-Suite" title="com.Remosys.Wevend.TestLayer.TestCarwash" class="method navigator-link" hash-for-method="testSuccessfulPaymentPage">testSuccessfulPaymentPage</a> <!-- method navigator-link -->
                      </span>
                      <br/>
                    </div> <!-- method-list-content skipped suite-Suite -->
                  </li>
                  <li>
                    <span class="method-list-title passed">Passed methods</span>
                    <span class="show-or-hide-methods passed">
                      <a href="#" panel-name="suite-Suite" class="hide-methods passed suite-Suite"> (hide)</a> <!-- hide-methods passed suite-Suite -->
                      <a href="#" panel-name="suite-Suite" class="show-methods passed suite-Suite"> (show)</a> <!-- show-methods passed suite-Suite -->
                    </span>
                    <div class="method-list-content passed suite-Suite">
                      <span>
                        <img src="passed.png" width="3%"/>
                        <a href="#" panel-name="suite-Suite" title="com.Remosys.Wevend.TestLayer.TestCarwash" class="method navigator-link" hash-for-method="TestPaymentGatewayPage">TestPaymentGatewayPage</a> <!-- method navigator-link -->
                      </span>
                      <br/>
                      <span>
                        <img src="passed.png" width="3%"/>
                        <a href="#" panel-name="suite-Suite" title="com.Remosys.Wevend.TestLayer.TestHabcoPage" class="method navigator-link" hash-for-method="testAddTSoCartFunctionality">testAddTSoCartFunctionality</a> <!-- method navigator-link -->
                      </span>
                      <br/>
                      <span>
                        <img src="passed.png" width="3%"/>
                        <a href="#" panel-name="suite-Suite" title="com.Remosys.Wevend.TestLayer.TestGumBallPage" class="method navigator-link" hash-for-method="testAddToCartFunctionality">testAddToCartFunctionality</a> <!-- method navigator-link -->
                      </span>
                      <br/>
                      <span>
                        <img src="passed.png" width="3%"/>
                        <a href="#" panel-name="suite-Suite" title="com.Remosys.Wevend.TestLayer.TestWevendStore" class="method navigator-link" hash-for-method="testAddTocartFunctionality">testAddTocartFunctionality</a> <!-- method navigator-link -->
                      </span>
                      <br/>
                      <span>
                        <img src="passed.png" width="3%"/>
                        <a href="#" panel-name="suite-Suite" title="com.Remosys.Wevend.TestLayer.TestCarwash" class="method navigator-link" hash-for-method="testAmountSelection">testAmountSelection</a> <!-- method navigator-link -->
                      </span>
                      <br/>
                      <span>
                        <img src="passed.png" width="3%"/>
                        <a href="#" panel-name="suite-Suite" title="com.Remosys.Wevend.TestLayer.TestCarwash" class="method navigator-link" hash-for-method="testCarWashLaunch">testCarWashLaunch</a> <!-- method navigator-link -->
                      </span>
                      <br/>
                      <span>
                        <img src="passed.png" width="3%"/>
                        <a href="#" panel-name="suite-Suite" title="com.Remosys.Wevend.TestLayer.TestWevendStore" class="method navigator-link" hash-for-method="testCheckoutPage">testCheckoutPage</a> <!-- method navigator-link -->
                      </span>
                      <br/>
                      <span>
                        <img src="passed.png" width="3%"/>
                        <a href="#" panel-name="suite-Suite" title="com.Remosys.Wevend.TestLayer.TestGumBallPage" class="method navigator-link" hash-for-method="testGumballLaunch">testGumballLaunch</a> <!-- method navigator-link -->
                      </span>
                      <br/>
                      <span>
                        <img src="passed.png" width="3%"/>
                        <a href="#" panel-name="suite-Suite" title="com.Remosys.Wevend.TestLayer.TestHabcoPage" class="method navigator-link" hash-for-method="testHabcoLaunch">testHabcoLaunch</a> <!-- method navigator-link -->
                      </span>
                      <br/>
                      <span>
                        <img src="passed.png" width="3%"/>
                        <a href="#" panel-name="suite-Suite" title="com.Remosys.Wevend.TestLayer.TestWevendStore" class="method navigator-link" hash-for-method="testLaunchWevend">testLaunchWevend</a> <!-- method navigator-link -->
                      </span>
                      <br/>
                      <span>
                        <img src="passed.png" width="3%"/>
                        <a href="#" panel-name="suite-Suite" title="com.Remosys.Wevend.TestLayer.TestGumBallPage" class="method navigator-link" hash-for-method="testNavigationToCheckoutPage">testNavigationToCheckoutPage</a> <!-- method navigator-link -->
                      </span>
                      <br/>
                      <span>
                        <img src="passed.png" width="3%"/>
                        <a href="#" panel-name="suite-Suite" title="com.Remosys.Wevend.TestLayer.TestHabcoPage" class="method navigator-link" hash-for-method="testNavigationToCheckoutPage">testNavigationToCheckoutPage</a> <!-- method navigator-link -->
                      </span>
                      <br/>
                      <span>
                        <img src="passed.png" width="3%"/>
                        <a href="#" panel-name="suite-Suite" title="com.Remosys.Wevend.TestLayer.TestHabcoPage" class="method navigator-link" hash-for-method="testNavigationToPaymentPage">testNavigationToPaymentPage</a> <!-- method navigator-link -->
                      </span>
                      <br/>
                      <span>
                        <img src="passed.png" width="3%"/>
                        <a href="#" panel-name="suite-Suite" title="com.Remosys.Wevend.TestLayer.TestGumBallPage" class="method navigator-link" hash-for-method="testNavigationToPaymentPage">testNavigationToPaymentPage</a> <!-- method navigator-link -->
                      </span>
                      <br/>
                      <span>
                        <img src="passed.png" width="3%"/>
                        <a href="#" panel-name="suite-Suite" title="com.Remosys.Wevend.TestLayer.TestWevendStore" class="method navigator-link" hash-for-method="testPaymentGatewayPage">testPaymentGatewayPage</a> <!-- method navigator-link -->
                      </span>
                      <br/>
                      <span>
                        <img src="passed.png" width="3%"/>
                        <a href="#" panel-name="suite-Suite" title="com.Remosys.Wevend.TestLayer.TestHabcoPage" class="method navigator-link" hash-for-method="testPaymentProcess">testPaymentProcess</a> <!-- method navigator-link -->
                      </span>
                      <br/>
                      <span>
                        <img src="passed.png" width="3%"/>
                        <a href="#" panel-name="suite-Suite" title="com.Remosys.Wevend.TestLayer.TestGumBallPage" class="method navigator-link" hash-for-method="testPaymentProcess">testPaymentProcess</a> <!-- method navigator-link -->
                      </span>
                      <br/>
                    </div> <!-- method-list-content passed suite-Suite -->
                  </li>
                </ul>
              </div> <!-- suite-section-content -->
            </div> <!-- result-section -->
          </div> <!-- navigator-suite-content -->
        </div> <!-- rounded-window -->
      </div> <!-- suite -->
    </div> <!-- navigator-root -->
    <div class="wrapper">
      <div class="main-panel-root">
        <div panel-name="suite-Suite" class="panel Suite">
          <div class="suite-Suite-class-failed">
            <div class="main-panel-header rounded-window-top">
              <img src="failed.png"/>
              <span class="class-name">com.Remosys.Wevend.TestLayer.TestCarwash</span>
            </div> <!-- main-panel-header rounded-window-top -->
            <div class="main-panel-content rounded-window-bottom">
              <div class="method">
                <div class="method-content">
                  <a name="testCountdownTimerPage">
                  </a> <!-- testCountdownTimerPage -->
                  <span class="method-name">testCountdownTimerPage</span>
                  <div class="stack-trace">org.openqa.selenium.TimeoutException: Expected condition failed: waiting for visibility of Proxy element for: DefaultElementLocator &apos;By.className: timer&apos; (tried for 15 second(s) with 500 milliseconds interval)
	at org.openqa.selenium.support.ui.WebDriverWait.timeoutException(WebDriverWait.java:84)
	at org.openqa.selenium.support.ui.FluentWait.until(FluentWait.java:230)
	at com.Remosys.WeVend.utility.Utility.waitForVisibilityOfElement(Utility.java:107)
	at com.Remosys.WeVend.PageLayer.CarWash.selectAuthorizeBtn(CarWash.java:233)
	at com.Remosys.Wevend.TestLayer.TestCarwash.testCountdownTimerPage(TestCarwash.java:111)
	at java.base/java.util.ArrayList.forEach(ArrayList.java:1511)
Caused by: org.openqa.selenium.NoSuchElementException: no such element: Unable to locate element: {&quot;method&quot;:&quot;css selector&quot;,&quot;selector&quot;:&quot;.timer&quot;}
  (Session info: chrome=119.0.6045.124)
For documentation on this error, please visit: https://www.selenium.dev/documentation/webdriver/troubleshooting/errors#no-such-element-exception
Build info: version: &apos;4.13.0&apos;, revision: &apos;ba948ece5b*&apos;
System info: os.name: &apos;Windows 11&apos;, os.arch: &apos;amd64&apos;, os.version: &apos;10.0&apos;, java.version: &apos;17.0.7&apos;
Driver info: org.openqa.selenium.chrome.ChromeDriver
Command: [26e98d5bd58c42cf382c1605d3071c99, findElement {using=class name, value=timer}]
Capabilities {acceptInsecureCerts: false, browserName: chrome, browserVersion: 119.0.6045.124, chrome: {chromedriverVersion: 119.0.6045.105 (38c72552c5e..., userDataDir: C:\Users\Soft\AppData\Local...}, fedcm:accounts: true, goog:chromeOptions: {debuggerAddress: localhost:52234}, networkConnectionEnabled: false, pageLoadStrategy: normal, platformName: windows, proxy: Proxy(), se:cdp: ws://localhost:52234/devtoo..., se:cdpVersion: 119.0.6045.124, setWindowRect: true, strictFileInteractability: false, timeouts: {implicit: 0, pageLoad: 300000, script: 30000}, unhandledPromptBehavior: dismiss and notify, webauthn:extension:credBlob: true, webauthn:extension:largeBlob: true, webauthn:extension:minPinLength: true, webauthn:extension:prf: true, webauthn:virtualAuthenticators: true}
Session ID: 26e98d5bd58c42cf382c1605d3071c99
	at org.openqa.selenium.remote.codec.w3c.W3CHttpResponseCodec.createException(W3CHttpResponseCodec.java:200)
	at org.openqa.selenium.remote.codec.w3c.W3CHttpResponseCodec.decode(W3CHttpResponseCodec.java:133)
	at org.openqa.selenium.remote.codec.w3c.W3CHttpResponseCodec.decode(W3CHttpResponseCodec.java:52)
	at org.openqa.selenium.remote.HttpCommandExecutor.execute(HttpCommandExecutor.java:191)
	at org.openqa.selenium.remote.service.DriverCommandExecutor.invokeExecute(DriverCommandExecutor.java:196)
	at org.openqa.selenium.remote.service.DriverCommandExecutor.execute(DriverCommandExecutor.java:171)
	at org.openqa.selenium.remote.RemoteWebDriver.execute(RemoteWebDriver.java:602)
	at org.openqa.selenium.remote.ElementLocation$ElementFinder$2.findElement(ElementLocation.java:165)
	at org.openqa.selenium.remote.ElementLocation.findElement(ElementLocation.java:59)
	at org.openqa.selenium.remote.RemoteWebDriver.findElement(RemoteWebDriver.java:359)
	at org.openqa.selenium.remote.RemoteWebDriver.findElement(RemoteWebDriver.java:353)
	at org.openqa.selenium.support.pagefactory.DefaultElementLocator.findElement(DefaultElementLocator.java:68)
	at org.openqa.selenium.support.pagefactory.internal.LocatingElementHandler.invoke(LocatingElementHandler.java:38)
	at jdk.proxy2/jdk.proxy2.$Proxy20.isDisplayed(Unknown Source)
	at org.openqa.selenium.support.ui.ExpectedConditions.elementIfVisible(ExpectedConditions.java:304)
	at org.openqa.selenium.support.ui.ExpectedConditions.access$000(ExpectedConditions.java:37)
	at org.openqa.selenium.support.ui.ExpectedConditions$10.apply(ExpectedConditions.java:290)
	at org.openqa.selenium.support.ui.ExpectedConditions$10.apply(ExpectedConditions.java:287)
	at org.openqa.selenium.support.ui.FluentWait.until(FluentWait.java:205)
	... 31 more
... Removed 32 stack frames
</div> <!-- stack-trace -->
                </div> <!-- method-content -->
              </div> <!-- method -->
            </div> <!-- main-panel-content rounded-window-bottom -->
          </div> <!-- suite-Suite-class-failed -->
          <div class="suite-Suite-class-failed">
            <div class="main-panel-header rounded-window-top">
              <img src="failed.png"/>
              <span class="class-name">com.Remosys.Wevend.TestLayer.TestGumBallPage</span>
            </div> <!-- main-panel-header rounded-window-top -->
            <div class="main-panel-content rounded-window-bottom">
              <div class="method">
                <div class="method-content">
                  <a name="testSuccessfullPayment">
                  </a> <!-- testSuccessfullPayment -->
                  <span class="method-name">testSuccessfullPayment</span>
                  <div class="stack-trace">org.openqa.selenium.TimeoutException: Expected condition failed: waiting for visibility of Proxy element for: DefaultElementLocator &apos;By.xpath: //span[contains(text(),&apos;Thank you&apos;)]&apos; (tried for 15 second(s) with 500 milliseconds interval)
	at org.openqa.selenium.support.ui.WebDriverWait.timeoutException(WebDriverWait.java:84)
	at org.openqa.selenium.support.ui.FluentWait.until(FluentWait.java:230)
	at com.Remosys.WeVend.utility.Utility.waitForVisibilityOfElement(Utility.java:107)
	at com.Remosys.WeVend.PageLayer.GumBallPage.verifySuccessfulPayment(GumBallPage.java:285)
	at com.Remosys.Wevend.TestLayer.TestGumBallPage.testSuccessfullPayment(TestGumBallPage.java:177)
	at java.base/java.util.ArrayList.forEach(ArrayList.java:1511)
Caused by: org.openqa.selenium.NoSuchElementException: no such element: Unable to locate element: {&quot;method&quot;:&quot;xpath&quot;,&quot;selector&quot;:&quot;//span[contains(text(),&apos;Thank you&apos;)]&quot;}
  (Session info: chrome=119.0.6045.124)
For documentation on this error, please visit: https://www.selenium.dev/documentation/webdriver/troubleshooting/errors#no-such-element-exception
Build info: version: &apos;4.13.0&apos;, revision: &apos;ba948ece5b*&apos;
System info: os.name: &apos;Windows 11&apos;, os.arch: &apos;amd64&apos;, os.version: &apos;10.0&apos;, java.version: &apos;17.0.7&apos;
Driver info: org.openqa.selenium.chrome.ChromeDriver
Command: [2438ed56989a5e163b92b5b4f361df29, findElement {using=xpath, value=//span[contains(text(),&apos;Thank you&apos;)]}]
Capabilities {acceptInsecureCerts: false, browserName: chrome, browserVersion: 119.0.6045.124, chrome: {chromedriverVersion: 119.0.6045.105 (38c72552c5e..., userDataDir: C:\Users\Soft\AppData\Local...}, fedcm:accounts: true, goog:chromeOptions: {debuggerAddress: localhost:52344}, networkConnectionEnabled: false, pageLoadStrategy: normal, platformName: windows, proxy: Proxy(), se:cdp: ws://localhost:52344/devtoo..., se:cdpVersion: 119.0.6045.124, setWindowRect: true, strictFileInteractability: false, timeouts: {implicit: 0, pageLoad: 300000, script: 30000}, unhandledPromptBehavior: dismiss and notify, webauthn:extension:credBlob: true, webauthn:extension:largeBlob: true, webauthn:extension:minPinLength: true, webauthn:extension:prf: true, webauthn:virtualAuthenticators: true}
Session ID: 2438ed56989a5e163b92b5b4f361df29
	at org.openqa.selenium.remote.codec.w3c.W3CHttpResponseCodec.createException(W3CHttpResponseCodec.java:200)
	at org.openqa.selenium.remote.codec.w3c.W3CHttpResponseCodec.decode(W3CHttpResponseCodec.java:133)
	at org.openqa.selenium.remote.codec.w3c.W3CHttpResponseCodec.decode(W3CHttpResponseCodec.java:52)
	at org.openqa.selenium.remote.HttpCommandExecutor.execute(HttpCommandExecutor.java:191)
	at org.openqa.selenium.remote.service.DriverCommandExecutor.invokeExecute(DriverCommandExecutor.java:196)
	at org.openqa.selenium.remote.service.DriverCommandExecutor.execute(DriverCommandExecutor.java:171)
	at org.openqa.selenium.remote.RemoteWebDriver.execute(RemoteWebDriver.java:602)
	at org.openqa.selenium.remote.ElementLocation$ElementFinder$2.findElement(ElementLocation.java:165)
	at org.openqa.selenium.remote.ElementLocation.findElement(ElementLocation.java:59)
	at org.openqa.selenium.remote.RemoteWebDriver.findElement(RemoteWebDriver.java:359)
	at org.openqa.selenium.remote.RemoteWebDriver.findElement(RemoteWebDriver.java:353)
	at org.openqa.selenium.support.pagefactory.DefaultElementLocator.findElement(DefaultElementLocator.java:68)
	at org.openqa.selenium.support.pagefactory.internal.LocatingElementHandler.invoke(LocatingElementHandler.java:38)
	at jdk.proxy2/jdk.proxy2.$Proxy20.isDisplayed(Unknown Source)
	at org.openqa.selenium.support.ui.ExpectedConditions.elementIfVisible(ExpectedConditions.java:304)
	at org.openqa.selenium.support.ui.ExpectedConditions.access$000(ExpectedConditions.java:37)
	at org.openqa.selenium.support.ui.ExpectedConditions$10.apply(ExpectedConditions.java:290)
	at org.openqa.selenium.support.ui.ExpectedConditions$10.apply(ExpectedConditions.java:287)
	at org.openqa.selenium.support.ui.FluentWait.until(FluentWait.java:205)
	... 31 more
... Removed 32 stack frames
</div> <!-- stack-trace -->
                </div> <!-- method-content -->
              </div> <!-- method -->
            </div> <!-- main-panel-content rounded-window-bottom -->
          </div> <!-- suite-Suite-class-failed -->
          <div class="suite-Suite-class-failed">
            <div class="main-panel-header rounded-window-top">
              <img src="failed.png"/>
              <span class="class-name">com.Remosys.Wevend.TestLayer.TestHabcoPage</span>
            </div> <!-- main-panel-header rounded-window-top -->
            <div class="main-panel-content rounded-window-bottom">
              <div class="method">
                <div class="method-content">
                  <a name="testSuccessfullPayment">
                  </a> <!-- testSuccessfullPayment -->
                  <span class="method-name">testSuccessfullPayment</span>
                  <div class="stack-trace">org.openqa.selenium.TimeoutException: Expected condition failed: waiting for visibility of Proxy element for: DefaultElementLocator &apos;By.xpath: //span[contains(text(),&apos;Thank you&apos;)]&apos; (tried for 15 second(s) with 500 milliseconds interval)
	at org.openqa.selenium.support.ui.WebDriverWait.timeoutException(WebDriverWait.java:84)
	at org.openqa.selenium.support.ui.FluentWait.until(FluentWait.java:230)
	at com.Remosys.WeVend.utility.Utility.waitForVisibilityOfElement(Utility.java:107)
	at com.Remosys.WeVend.PageLayer.HabcoPage.verifySuccessfulPayment(HabcoPage.java:248)
	at com.Remosys.Wevend.TestLayer.TestHabcoPage.testSuccessfullPayment(TestHabcoPage.java:182)
	at java.base/java.util.ArrayList.forEach(ArrayList.java:1511)
Caused by: org.openqa.selenium.NoSuchElementException: no such element: Unable to locate element: {&quot;method&quot;:&quot;xpath&quot;,&quot;selector&quot;:&quot;//span[contains(text(),&apos;Thank you&apos;)]&quot;}
  (Session info: chrome=119.0.6045.124)
For documentation on this error, please visit: https://www.selenium.dev/documentation/webdriver/troubleshooting/errors#no-such-element-exception
Build info: version: &apos;4.13.0&apos;, revision: &apos;ba948ece5b*&apos;
System info: os.name: &apos;Windows 11&apos;, os.arch: &apos;amd64&apos;, os.version: &apos;10.0&apos;, java.version: &apos;17.0.7&apos;
Driver info: org.openqa.selenium.chrome.ChromeDriver
Command: [6ec05128c36afa557ff2ddc3584f3bd3, findElement {using=xpath, value=//span[contains(text(),&apos;Thank you&apos;)]}]
Capabilities {acceptInsecureCerts: false, browserName: chrome, browserVersion: 119.0.6045.124, chrome: {chromedriverVersion: 119.0.6045.105 (38c72552c5e..., userDataDir: C:\Users\Soft\AppData\Local...}, fedcm:accounts: true, goog:chromeOptions: {debuggerAddress: localhost:52283}, networkConnectionEnabled: false, pageLoadStrategy: normal, platformName: windows, proxy: Proxy(), se:cdp: ws://localhost:52283/devtoo..., se:cdpVersion: 119.0.6045.124, setWindowRect: true, strictFileInteractability: false, timeouts: {implicit: 0, pageLoad: 300000, script: 30000}, unhandledPromptBehavior: dismiss and notify, webauthn:extension:credBlob: true, webauthn:extension:largeBlob: true, webauthn:extension:minPinLength: true, webauthn:extension:prf: true, webauthn:virtualAuthenticators: true}
Session ID: 6ec05128c36afa557ff2ddc3584f3bd3
	at org.openqa.selenium.remote.codec.w3c.W3CHttpResponseCodec.createException(W3CHttpResponseCodec.java:200)
	at org.openqa.selenium.remote.codec.w3c.W3CHttpResponseCodec.decode(W3CHttpResponseCodec.java:133)
	at org.openqa.selenium.remote.codec.w3c.W3CHttpResponseCodec.decode(W3CHttpResponseCodec.java:52)
	at org.openqa.selenium.remote.HttpCommandExecutor.execute(HttpCommandExecutor.java:191)
	at org.openqa.selenium.remote.service.DriverCommandExecutor.invokeExecute(DriverCommandExecutor.java:196)
	at org.openqa.selenium.remote.service.DriverCommandExecutor.execute(DriverCommandExecutor.java:171)
	at org.openqa.selenium.remote.RemoteWebDriver.execute(RemoteWebDriver.java:602)
	at org.openqa.selenium.remote.ElementLocation$ElementFinder$2.findElement(ElementLocation.java:165)
	at org.openqa.selenium.remote.ElementLocation.findElement(ElementLocation.java:59)
	at org.openqa.selenium.remote.RemoteWebDriver.findElement(RemoteWebDriver.java:359)
	at org.openqa.selenium.remote.RemoteWebDriver.findElement(RemoteWebDriver.java:353)
	at org.openqa.selenium.support.pagefactory.DefaultElementLocator.findElement(DefaultElementLocator.java:68)
	at org.openqa.selenium.support.pagefactory.internal.LocatingElementHandler.invoke(LocatingElementHandler.java:38)
	at jdk.proxy2/jdk.proxy2.$Proxy20.isDisplayed(Unknown Source)
	at org.openqa.selenium.support.ui.ExpectedConditions.elementIfVisible(ExpectedConditions.java:304)
	at org.openqa.selenium.support.ui.ExpectedConditions.access$000(ExpectedConditions.java:37)
	at org.openqa.selenium.support.ui.ExpectedConditions$10.apply(ExpectedConditions.java:290)
	at org.openqa.selenium.support.ui.ExpectedConditions$10.apply(ExpectedConditions.java:287)
	at org.openqa.selenium.support.ui.FluentWait.until(FluentWait.java:205)
	... 31 more
... Removed 32 stack frames
</div> <!-- stack-trace -->
                </div> <!-- method-content -->
              </div> <!-- method -->
            </div> <!-- main-panel-content rounded-window-bottom -->
          </div> <!-- suite-Suite-class-failed -->
          <div class="suite-Suite-class-failed">
            <div class="main-panel-header rounded-window-top">
              <img src="failed.png"/>
              <span class="class-name">com.Remosys.Wevend.TestLayer.TestWevendStore</span>
            </div> <!-- main-panel-header rounded-window-top -->
            <div class="main-panel-content rounded-window-bottom">
              <div class="method">
                <div class="method-content">
                  <a name="testSuccessfullPayment">
                  </a> <!-- testSuccessfullPayment -->
                  <span class="method-name">testSuccessfullPayment</span>
                  <div class="stack-trace">org.openqa.selenium.TimeoutException: Expected condition failed: waiting for visibility of Proxy element for: DefaultElementLocator &apos;By.xpath: //span[contains(text(),&apos;Thank you&apos;)]&apos; (tried for 15 second(s) with 500 milliseconds interval)
	at org.openqa.selenium.support.ui.WebDriverWait.timeoutException(WebDriverWait.java:84)
	at org.openqa.selenium.support.ui.FluentWait.until(FluentWait.java:230)
	at com.Remosys.WeVend.utility.Utility.waitForVisibilityOfElement(Utility.java:107)
	at com.Remosys.WeVend.PageLayer.WevendStore.verifySuccessfulPayment(WevendStore.java:281)
	at com.Remosys.Wevend.TestLayer.TestWevendStore.testSuccessfullPayment(TestWevendStore.java:177)
	at java.base/java.util.ArrayList.forEach(ArrayList.java:1511)
Caused by: org.openqa.selenium.NoSuchElementException: no such element: Unable to locate element: {&quot;method&quot;:&quot;xpath&quot;,&quot;selector&quot;:&quot;//span[contains(text(),&apos;Thank you&apos;)]&quot;}
  (Session info: chrome=119.0.6045.124)
For documentation on this error, please visit: https://www.selenium.dev/documentation/webdriver/troubleshooting/errors#no-such-element-exception
Build info: version: &apos;4.13.0&apos;, revision: &apos;ba948ece5b*&apos;
System info: os.name: &apos;Windows 11&apos;, os.arch: &apos;amd64&apos;, os.version: &apos;10.0&apos;, java.version: &apos;17.0.7&apos;
Driver info: org.openqa.selenium.chrome.ChromeDriver
Command: [b158fc2ed7dbdbce9c8fd9f079bfac00, findElement {using=xpath, value=//span[contains(text(),&apos;Thank you&apos;)]}]
Capabilities {acceptInsecureCerts: false, browserName: chrome, browserVersion: 119.0.6045.124, chrome: {chromedriverVersion: 119.0.6045.105 (38c72552c5e..., userDataDir: C:\Users\Soft\AppData\Local...}, fedcm:accounts: true, goog:chromeOptions: {debuggerAddress: localhost:52179}, networkConnectionEnabled: false, pageLoadStrategy: normal, platformName: windows, proxy: Proxy(), se:cdp: ws://localhost:52179/devtoo..., se:cdpVersion: 119.0.6045.124, setWindowRect: true, strictFileInteractability: false, timeouts: {implicit: 0, pageLoad: 300000, script: 30000}, unhandledPromptBehavior: dismiss and notify, webauthn:extension:credBlob: true, webauthn:extension:largeBlob: true, webauthn:extension:minPinLength: true, webauthn:extension:prf: true, webauthn:virtualAuthenticators: true}
Session ID: b158fc2ed7dbdbce9c8fd9f079bfac00
	at org.openqa.selenium.remote.codec.w3c.W3CHttpResponseCodec.createException(W3CHttpResponseCodec.java:200)
	at org.openqa.selenium.remote.codec.w3c.W3CHttpResponseCodec.decode(W3CHttpResponseCodec.java:133)
	at org.openqa.selenium.remote.codec.w3c.W3CHttpResponseCodec.decode(W3CHttpResponseCodec.java:52)
	at org.openqa.selenium.remote.HttpCommandExecutor.execute(HttpCommandExecutor.java:191)
	at org.openqa.selenium.remote.service.DriverCommandExecutor.invokeExecute(DriverCommandExecutor.java:196)
	at org.openqa.selenium.remote.service.DriverCommandExecutor.execute(DriverCommandExecutor.java:171)
	at org.openqa.selenium.remote.RemoteWebDriver.execute(RemoteWebDriver.java:602)
	at org.openqa.selenium.remote.ElementLocation$ElementFinder$2.findElement(ElementLocation.java:165)
	at org.openqa.selenium.remote.ElementLocation.findElement(ElementLocation.java:59)
	at org.openqa.selenium.remote.RemoteWebDriver.findElement(RemoteWebDriver.java:359)
	at org.openqa.selenium.remote.RemoteWebDriver.findElement(RemoteWebDriver.java:353)
	at org.openqa.selenium.support.pagefactory.DefaultElementLocator.findElement(DefaultElementLocator.java:68)
	at org.openqa.selenium.support.pagefactory.internal.LocatingElementHandler.invoke(LocatingElementHandler.java:38)
	at jdk.proxy2/jdk.proxy2.$Proxy20.isDisplayed(Unknown Source)
	at org.openqa.selenium.support.ui.ExpectedConditions.elementIfVisible(ExpectedConditions.java:304)
	at org.openqa.selenium.support.ui.ExpectedConditions.access$000(ExpectedConditions.java:37)
	at org.openqa.selenium.support.ui.ExpectedConditions$10.apply(ExpectedConditions.java:290)
	at org.openqa.selenium.support.ui.ExpectedConditions$10.apply(ExpectedConditions.java:287)
	at org.openqa.selenium.support.ui.FluentWait.until(FluentWait.java:205)
	... 31 more
... Removed 32 stack frames
</div> <!-- stack-trace -->
                </div> <!-- method-content -->
              </div> <!-- method -->
            </div> <!-- main-panel-content rounded-window-bottom -->
          </div> <!-- suite-Suite-class-failed -->
          <div class="suite-Suite-class-skipped">
            <div class="main-panel-header rounded-window-top">
              <img src="skipped.png"/>
              <span class="class-name">com.Remosys.Wevend.TestLayer.TestCarwash</span>
            </div> <!-- main-panel-header rounded-window-top -->
            <div class="main-panel-content rounded-window-bottom">
              <div class="method">
                <div class="method-content">
                  <a name="testSuccessfulPaymentPage">
                  </a> <!-- testSuccessfulPaymentPage -->
                  <span class="method-name">testSuccessfulPaymentPage</span>
                  <div class="stack-trace">java.lang.Throwable: Method TestCarwash.testSuccessfulPaymentPage()[pri:0, instance:com.Remosys.Wevend.TestLayer.TestCarwash@75d3a5e0] depends on not successfully finished methods
	at java.base/java.util.ArrayList.forEach(ArrayList.java:1511)
... Removed 18 stack frames
</div> <!-- stack-trace -->
                </div> <!-- method-content -->
              </div> <!-- method -->
            </div> <!-- main-panel-content rounded-window-bottom -->
          </div> <!-- suite-Suite-class-skipped -->
          <div class="suite-Suite-class-passed">
            <div class="main-panel-header rounded-window-top">
              <img src="passed.png"/>
              <span class="class-name">com.Remosys.Wevend.TestLayer.TestCarwash</span>
            </div> <!-- main-panel-header rounded-window-top -->
            <div class="main-panel-content rounded-window-bottom">
              <div class="method">
                <div class="method-content">
                  <a name="TestPaymentGatewayPage">
                  </a> <!-- TestPaymentGatewayPage -->
                  <span class="method-name">TestPaymentGatewayPage</span>
                </div> <!-- method-content -->
              </div> <!-- method -->
              <div class="method">
                <div class="method-content">
                  <a name="testAmountSelection">
                  </a> <!-- testAmountSelection -->
                  <span class="method-name">testAmountSelection</span>
                </div> <!-- method-content -->
              </div> <!-- method -->
              <div class="method">
                <div class="method-content">
                  <a name="testCarWashLaunch">
                  </a> <!-- testCarWashLaunch -->
                  <span class="method-name">testCarWashLaunch</span>
                </div> <!-- method-content -->
              </div> <!-- method -->
            </div> <!-- main-panel-content rounded-window-bottom -->
          </div> <!-- suite-Suite-class-passed -->
          <div class="suite-Suite-class-passed">
            <div class="main-panel-header rounded-window-top">
              <img src="passed.png"/>
              <span class="class-name">com.Remosys.Wevend.TestLayer.TestGumBallPage</span>
            </div> <!-- main-panel-header rounded-window-top -->
            <div class="main-panel-content rounded-window-bottom">
              <div class="method">
                <div class="method-content">
                  <a name="testAddToCartFunctionality">
                  </a> <!-- testAddToCartFunctionality -->
                  <span class="method-name">testAddToCartFunctionality</span>
                </div> <!-- method-content -->
              </div> <!-- method -->
              <div class="method">
                <div class="method-content">
                  <a name="testGumballLaunch">
                  </a> <!-- testGumballLaunch -->
                  <span class="method-name">testGumballLaunch</span>
                </div> <!-- method-content -->
              </div> <!-- method -->
              <div class="method">
                <div class="method-content">
                  <a name="testNavigationToCheckoutPage">
                  </a> <!-- testNavigationToCheckoutPage -->
                  <span class="method-name">testNavigationToCheckoutPage</span>
                </div> <!-- method-content -->
              </div> <!-- method -->
              <div class="method">
                <div class="method-content">
                  <a name="testNavigationToPaymentPage">
                  </a> <!-- testNavigationToPaymentPage -->
                  <span class="method-name">testNavigationToPaymentPage</span>
                </div> <!-- method-content -->
              </div> <!-- method -->
              <div class="method">
                <div class="method-content">
                  <a name="testPaymentProcess">
                  </a> <!-- testPaymentProcess -->
                  <span class="method-name">testPaymentProcess</span>
                </div> <!-- method-content -->
              </div> <!-- method -->
            </div> <!-- main-panel-content rounded-window-bottom -->
          </div> <!-- suite-Suite-class-passed -->
          <div class="suite-Suite-class-passed">
            <div class="main-panel-header rounded-window-top">
              <img src="passed.png"/>
              <span class="class-name">com.Remosys.Wevend.TestLayer.TestHabcoPage</span>
            </div> <!-- main-panel-header rounded-window-top -->
            <div class="main-panel-content rounded-window-bottom">
              <div class="method">
                <div class="method-content">
                  <a name="testAddTSoCartFunctionality">
                  </a> <!-- testAddTSoCartFunctionality -->
                  <span class="method-name">testAddTSoCartFunctionality</span>
                </div> <!-- method-content -->
              </div> <!-- method -->
              <div class="method">
                <div class="method-content">
                  <a name="testHabcoLaunch">
                  </a> <!-- testHabcoLaunch -->
                  <span class="method-name">testHabcoLaunch</span>
                </div> <!-- method-content -->
              </div> <!-- method -->
              <div class="method">
                <div class="method-content">
                  <a name="testNavigationToCheckoutPage">
                  </a> <!-- testNavigationToCheckoutPage -->
                  <span class="method-name">testNavigationToCheckoutPage</span>
                </div> <!-- method-content -->
              </div> <!-- method -->
              <div class="method">
                <div class="method-content">
                  <a name="testNavigationToPaymentPage">
                  </a> <!-- testNavigationToPaymentPage -->
                  <span class="method-name">testNavigationToPaymentPage</span>
                </div> <!-- method-content -->
              </div> <!-- method -->
              <div class="method">
                <div class="method-content">
                  <a name="testPaymentProcess">
                  </a> <!-- testPaymentProcess -->
                  <span class="method-name">testPaymentProcess</span>
                </div> <!-- method-content -->
              </div> <!-- method -->
            </div> <!-- main-panel-content rounded-window-bottom -->
          </div> <!-- suite-Suite-class-passed -->
          <div class="suite-Suite-class-passed">
            <div class="main-panel-header rounded-window-top">
              <img src="passed.png"/>
              <span class="class-name">com.Remosys.Wevend.TestLayer.TestWevendStore</span>
            </div> <!-- main-panel-header rounded-window-top -->
            <div class="main-panel-content rounded-window-bottom">
              <div class="method">
                <div class="method-content">
                  <a name="testAddTocartFunctionality">
                  </a> <!-- testAddTocartFunctionality -->
                  <span class="method-name">testAddTocartFunctionality</span>
                </div> <!-- method-content -->
              </div> <!-- method -->
              <div class="method">
                <div class="method-content">
                  <a name="testCheckoutPage">
                  </a> <!-- testCheckoutPage -->
                  <span class="method-name">testCheckoutPage</span>
                </div> <!-- method-content -->
              </div> <!-- method -->
              <div class="method">
                <div class="method-content">
                  <a name="testLaunchWevend">
                  </a> <!-- testLaunchWevend -->
                  <span class="method-name">testLaunchWevend</span>
                </div> <!-- method-content -->
              </div> <!-- method -->
              <div class="method">
                <div class="method-content">
                  <a name="testPaymentGatewayPage">
                  </a> <!-- testPaymentGatewayPage -->
                  <span class="method-name">testPaymentGatewayPage</span>
                </div> <!-- method-content -->
              </div> <!-- method -->
            </div> <!-- main-panel-content rounded-window-bottom -->
          </div> <!-- suite-Suite-class-passed -->
        </div> <!-- panel Suite -->
        <div panel-name="test-xml-Suite" class="panel">
          <div class="main-panel-header rounded-window-top">
            <span class="header-content">C:\Users\Soft\git\ProjectWW\testng.xml</span>
          </div> <!-- main-panel-header rounded-window-top -->
          <div class="main-panel-content rounded-window-bottom">
            <pre>
&lt;?xml version=&quot;1.0&quot; encoding=&quot;UTF-8&quot;?&gt;
&lt;!DOCTYPE suite SYSTEM &quot;https://testng.org/testng-1.0.dtd&quot;&gt;
&lt;suite name=&quot;Suite&quot; guice-stage=&quot;DEVELOPMENT&quot;&gt;
  &lt;test thread-count=&quot;5&quot; name=&quot;Wevend&quot;&gt;
    &lt;parameter name=&quot;browser&quot; value=&quot;chrome&quot;/&gt;
    &lt;classes&gt;
      &lt;class name=&quot;com.Remosys.Wevend.TestLayer.TestWevendStore&quot;/&gt;
      &lt;class name=&quot;com.Remosys.Wevend.TestLayer.TestCarwash&quot;/&gt;
      &lt;class name=&quot;com.Remosys.Wevend.TestLayer.TestHabcoPage&quot;/&gt;
      &lt;class name=&quot;com.Remosys.Wevend.TestLayer.TestGumBallPage&quot;/&gt;
    &lt;/classes&gt;
  &lt;/test&gt; &lt;!-- Wevend --&gt;
&lt;/suite&gt; &lt;!-- Suite --&gt;
            </pre>
          </div> <!-- main-panel-content rounded-window-bottom -->
        </div> <!-- panel -->
        <div panel-name="testlist-Suite" class="panel">
          <div class="main-panel-header rounded-window-top">
            <span class="header-content">Tests for Suite</span>
          </div> <!-- main-panel-header rounded-window-top -->
          <div class="main-panel-content rounded-window-bottom">
            <ul>
              <li>
                <span class="test-name">Wevend (4 classes)</span>
              </li>
            </ul>
          </div> <!-- main-panel-content rounded-window-bottom -->
        </div> <!-- panel -->
        <div panel-name="group-Suite" class="panel">
          <div class="main-panel-header rounded-window-top">
            <span class="header-content">Groups for Suite</span>
          </div> <!-- main-panel-header rounded-window-top -->
          <div class="main-panel-content rounded-window-bottom">
          </div> <!-- main-panel-content rounded-window-bottom -->
        </div> <!-- panel -->
        <div panel-name="times-Suite" class="panel">
          <div class="main-panel-header rounded-window-top">
            <span class="header-content">Times for Suite</span>
          </div> <!-- main-panel-header rounded-window-top -->
          <div class="main-panel-content rounded-window-bottom">
            <div class="times-div">
              <script type="text/javascript">
suiteTableInitFunctions.push('tableData_Suite');
function tableData_Suite() {
var data = new google.visualization.DataTable();
data.addColumn('number', 'Number');
data.addColumn('string', 'Method');
data.addColumn('string', 'Class');
data.addColumn('number', 'Time (ms)');
data.addRows(22);
data.setCell(0, 0, 0)
data.setCell(0, 1, 'testCountdownTimerPage')
data.setCell(0, 2, 'com.Remosys.Wevend.TestLayer.TestCarwash')
data.setCell(0, 3, 21262);
data.setCell(1, 0, 1)
data.setCell(1, 1, 'testSuccessfullPayment')
data.setCell(1, 2, 'com.Remosys.Wevend.TestLayer.TestHabcoPage')
data.setCell(1, 3, 21223);
data.setCell(2, 0, 2)
data.setCell(2, 1, 'testSuccessfullPayment')
data.setCell(2, 2, 'com.Remosys.Wevend.TestLayer.TestWevendStore')
data.setCell(2, 3, 21199);
data.setCell(3, 0, 3)
data.setCell(3, 1, 'testSuccessfullPayment')
data.setCell(3, 2, 'com.Remosys.Wevend.TestLayer.TestGumBallPage')
data.setCell(3, 3, 21189);
data.setCell(4, 0, 4)
data.setCell(4, 1, 'testAddToCartFunctionality')
data.setCell(4, 2, 'com.Remosys.Wevend.TestLayer.TestGumBallPage')
data.setCell(4, 3, 5020);
data.setCell(5, 0, 5)
data.setCell(5, 1, 'testPaymentGatewayPage')
data.setCell(5, 2, 'com.Remosys.Wevend.TestLayer.TestWevendStore')
data.setCell(5, 3, 4774);
data.setCell(6, 0, 6)
data.setCell(6, 1, 'testNavigationToPaymentPage')
data.setCell(6, 2, 'com.Remosys.Wevend.TestLayer.TestHabcoPage')
data.setCell(6, 3, 4448);
data.setCell(7, 0, 7)
data.setCell(7, 1, 'testAddTocartFunctionality')
data.setCell(7, 2, 'com.Remosys.Wevend.TestLayer.TestWevendStore')
data.setCell(7, 3, 3687);
data.setCell(8, 0, 8)
data.setCell(8, 1, 'testNavigationToPaymentPage')
data.setCell(8, 2, 'com.Remosys.Wevend.TestLayer.TestGumBallPage')
data.setCell(8, 3, 3412);
data.setCell(9, 0, 9)
data.setCell(9, 1, 'testAddTSoCartFunctionality')
data.setCell(9, 2, 'com.Remosys.Wevend.TestLayer.TestHabcoPage')
data.setCell(9, 3, 2281);
data.setCell(10, 0, 10)
data.setCell(10, 1, 'testCheckoutPage')
data.setCell(10, 2, 'com.Remosys.Wevend.TestLayer.TestWevendStore')
data.setCell(10, 3, 2109);
data.setCell(11, 0, 11)
data.setCell(11, 1, 'testAmountSelection')
data.setCell(11, 2, 'com.Remosys.Wevend.TestLayer.TestCarwash')
data.setCell(11, 3, 1986);
data.setCell(12, 0, 12)
data.setCell(12, 1, 'testNavigationToCheckoutPage')
data.setCell(12, 2, 'com.Remosys.Wevend.TestLayer.TestGumBallPage')
data.setCell(12, 3, 991);
data.setCell(13, 0, 13)
data.setCell(13, 1, 'testGumballLaunch')
data.setCell(13, 2, 'com.Remosys.Wevend.TestLayer.TestGumBallPage')
data.setCell(13, 3, 931);
data.setCell(14, 0, 14)
data.setCell(14, 1, 'testNavigationToCheckoutPage')
data.setCell(14, 2, 'com.Remosys.Wevend.TestLayer.TestHabcoPage')
data.setCell(14, 3, 897);
data.setCell(15, 0, 15)
data.setCell(15, 1, 'testLaunchWevend')
data.setCell(15, 2, 'com.Remosys.Wevend.TestLayer.TestWevendStore')
data.setCell(15, 3, 855);
data.setCell(16, 0, 16)
data.setCell(16, 1, 'testCarWashLaunch')
data.setCell(16, 2, 'com.Remosys.Wevend.TestLayer.TestCarwash')
data.setCell(16, 3, 851);
data.setCell(17, 0, 17)
data.setCell(17, 1, 'testHabcoLaunch')
data.setCell(17, 2, 'com.Remosys.Wevend.TestLayer.TestHabcoPage')
data.setCell(17, 3, 839);
data.setCell(18, 0, 18)
data.setCell(18, 1, 'testPaymentProcess')
data.setCell(18, 2, 'com.Remosys.Wevend.TestLayer.TestHabcoPage')
data.setCell(18, 3, 669);
data.setCell(19, 0, 19)
data.setCell(19, 1, 'testPaymentProcess')
data.setCell(19, 2, 'com.Remosys.Wevend.TestLayer.TestGumBallPage')
data.setCell(19, 3, 596);
data.setCell(20, 0, 20)
data.setCell(20, 1, 'TestPaymentGatewayPage')
data.setCell(20, 2, 'com.Remosys.Wevend.TestLayer.TestCarwash')
data.setCell(20, 3, 505);
data.setCell(21, 0, 21)
data.setCell(21, 1, 'testSuccessfulPaymentPage')
data.setCell(21, 2, 'com.Remosys.Wevend.TestLayer.TestCarwash')
data.setCell(21, 3, 0);
window.suiteTableData['Suite']= { tableData: data, tableDiv: 'times-div-Suite'}
return data;
}
              </script>
              <span class="suite-total-time">Total running time: 1 minutes</span>
              <div id="times-div-Suite">
              </div> <!-- times-div-Suite -->
            </div> <!-- times-div -->
          </div> <!-- main-panel-content rounded-window-bottom -->
        </div> <!-- panel -->
        <div panel-name="reporter-Suite" class="panel">
          <div class="main-panel-header rounded-window-top">
            <span class="header-content">Reporter output for Suite</span>
          </div> <!-- main-panel-header rounded-window-top -->
          <div class="main-panel-content rounded-window-bottom">
          </div> <!-- main-panel-content rounded-window-bottom -->
        </div> <!-- panel -->
        <div panel-name="ignored-methods-Suite" class="panel">
          <div class="main-panel-header rounded-window-top">
            <span class="header-content">6 ignored methods</span>
          </div> <!-- main-panel-header rounded-window-top -->
          <div class="main-panel-content rounded-window-bottom">
            <div class="ignored-class-div">
              <span class="ignored-class-name">com.Remosys.Wevend.TestLayer.TestCarwash</span>
              <div class="ignored-methods-div">
                <span class="ignored-method-name">closeReporter</span>
                <br/>
                <span class="ignored-method-name">startReporter</span>
                <br/>
              </div> <!-- ignored-methods-div -->
            </div> <!-- ignored-class-div -->
            <div class="ignored-class-div">
              <span class="ignored-class-name">com.Remosys.Wevend.TestLayer.TestGumBallPage</span>
              <div class="ignored-methods-div">
                <span class="ignored-method-name">closeReporter</span>
                <br/>
                <span class="ignored-method-name">startReporter</span>
                <br/>
              </div> <!-- ignored-methods-div -->
            </div> <!-- ignored-class-div -->
            <div class="ignored-class-div">
              <span class="ignored-class-name">com.Remosys.Wevend.TestLayer.TestHabcoPage</span>
              <div class="ignored-methods-div">
                <span class="ignored-method-name">closeReporter</span>
                <br/>
                <span class="ignored-method-name">startReporter</span>
                <br/>
              </div> <!-- ignored-methods-div -->
            </div> <!-- ignored-class-div -->
          </div> <!-- main-panel-content rounded-window-bottom -->
        </div> <!-- panel -->
        <div panel-name="chronological-Suite" class="panel">
          <div class="main-panel-header rounded-window-top">
            <span class="header-content">Methods in chronological order</span>
          </div> <!-- main-panel-header rounded-window-top -->
          <div class="main-panel-content rounded-window-bottom">
            <div class="chronological-class">
              <div class="chronological-class-name">com.Remosys.Wevend.TestLayer.TestWevendStore</div> <!-- chronological-class-name -->
              <div class="configuration-suite before">
                <span class="method-name">startReporter</span>
                <span class="method-start">0 ms</span>
              </div> <!-- configuration-suite before -->
              <div class="configuration-class before">
                <span class="method-name">setUp(chrome)</span>
                <span class="method-start">211 ms</span>
              </div> <!-- configuration-class before -->
              <div class="test-method">
                <span class="method-name">testLaunchWevend</span>
                <span class="method-start">3349 ms</span>
              </div> <!-- test-method -->
              <div class="configuration-method after">
                <span class="method-name">testResult([TestResult name=testLaunchWevend status=SUCCESS method=TestWevendStore.testLaunchWevend()[pri:0, in...)</span>
                <span class="method-start">4208 ms</span>
              </div> <!-- configuration-method after -->
              <div class="test-method">
                <span class="method-name">testAddTocartFunctionality</span>
                <span class="method-start">4232 ms</span>
              </div> <!-- test-method -->
              <div class="configuration-method after">
                <span class="method-name">testResult([TestResult name=testAddTocartFunctionality status=SUCCESS method=TestWevendStore.testAddTocartFunct...)</span>
                <span class="method-start">7920 ms</span>
              </div> <!-- configuration-method after -->
              <div class="test-method">
                <span class="method-name">testCheckoutPage</span>
                <span class="method-start">7921 ms</span>
              </div> <!-- test-method -->
              <div class="configuration-method after">
                <span class="method-name">testResult([TestResult name=testCheckoutPage status=SUCCESS method=TestWevendStore.testCheckoutPage()[pri:0, in...)</span>
                <span class="method-start">10030 ms</span>
              </div> <!-- configuration-method after -->
              <div class="test-method">
                <span class="method-name">testPaymentGatewayPage</span>
                <span class="method-start">10031 ms</span>
              </div> <!-- test-method -->
              <div class="configuration-method after">
                <span class="method-name">testResult([TestResult name=testPaymentGatewayPage status=SUCCESS method=TestWevendStore.testPaymentGatewayPage...)</span>
                <span class="method-start">14806 ms</span>
              </div> <!-- configuration-method after -->
              <div class="test-method">
                <img src="failed.png">
                </img>
                <span class="method-name">testSuccessfullPayment</span>
                <span class="method-start">14807 ms</span>
              </div> <!-- test-method -->
              <div class="configuration-method after">
                <span class="method-name">testResult([TestResult name=testSuccessfullPayment status=FAILURE method=TestWevendStore.testSuccessfullPayment...)</span>
                <span class="method-start">36009 ms</span>
              </div> <!-- configuration-method after -->
              <div class="configuration-class after">
                <span class="method-name">close</span>
                <span class="method-start">36150 ms</span>
              </div> <!-- configuration-class after -->
            </div> <!-- chronological-class -->
            <div class="chronological-class">
              <div class="chronological-class-name">com.Remosys.Wevend.TestLayer.TestCarwash</div> <!-- chronological-class-name -->
              <div class="configuration-class before">
                <span class="method-name">setUp(chrome)</span>
                <span class="method-start">36527 ms</span>
              </div> <!-- configuration-class before -->
              <div class="test-method">
                <span class="method-name">testCarWashLaunch</span>
                <span class="method-start">38160 ms</span>
              </div> <!-- test-method -->
              <div class="configuration-method after">
                <span class="method-name">testResult([TestResult name=testCarWashLaunch status=SUCCESS method=TestCarwash.testCarWashLaunch()[pri:1, inst...)</span>
                <span class="method-start">39012 ms</span>
              </div> <!-- configuration-method after -->
              <div class="test-method">
                <span class="method-name">testAmountSelection</span>
                <span class="method-start">39013 ms</span>
              </div> <!-- test-method -->
              <div class="configuration-method after">
                <span class="method-name">testResult([TestResult name=testAmountSelection status=SUCCESS method=TestCarwash.testAmountSelection()[pri:0, ...)</span>
                <span class="method-start">41000 ms</span>
              </div> <!-- configuration-method after -->
              <div class="test-method">
                <span class="method-name">TestPaymentGatewayPage</span>
                <span class="method-start">41001 ms</span>
              </div> <!-- test-method -->
              <div class="configuration-method after">
                <span class="method-name">testResult([TestResult name=TestPaymentGatewayPage status=SUCCESS method=TestCarwash.TestPaymentGatewayPage()[p...)</span>
                <span class="method-start">41506 ms</span>
              </div> <!-- configuration-method after -->
              <div class="test-method">
                <img src="failed.png">
                </img>
                <span class="method-name">testCountdownTimerPage</span>
                <span class="method-start">41507 ms</span>
              </div> <!-- test-method -->
              <div class="configuration-method after">
                <span class="method-name">testResult([TestResult name=testCountdownTimerPage status=FAILURE method=TestCarwash.testCountdownTimerPage()[p...)</span>
                <span class="method-start">62772 ms</span>
              </div> <!-- configuration-method after -->
              <div class="test-method">
                <span class="method-name">testSuccessfulPaymentPage</span>
                <span class="method-start">62906 ms</span>
              </div> <!-- test-method -->
              <div class="configuration-class after">
                <span class="method-name">close</span>
                <span class="method-start">62907 ms</span>
              </div> <!-- configuration-class after -->
            </div> <!-- chronological-class -->
            <div class="chronological-class">
              <div class="chronological-class-name">com.Remosys.Wevend.TestLayer.TestHabcoPage</div> <!-- chronological-class-name -->
              <div class="configuration-class before">
                <span class="method-name">setUp(chrome)</span>
                <span class="method-start">63285 ms</span>
              </div> <!-- configuration-class before -->
              <div class="test-method">
                <span class="method-name">testHabcoLaunch</span>
                <span class="method-start">64894 ms</span>
              </div> <!-- test-method -->
              <div class="configuration-method after">
                <span class="method-name">testResult([TestResult name=testHabcoLaunch status=SUCCESS method=TestHabcoPage.testHabcoLaunch()[pri:0, instan...)</span>
                <span class="method-start">65733 ms</span>
              </div> <!-- configuration-method after -->
              <div class="test-method">
                <span class="method-name">testAddTSoCartFunctionality</span>
                <span class="method-start">65734 ms</span>
              </div> <!-- test-method -->
              <div class="configuration-method after">
                <span class="method-name">testResult([TestResult name=testAddTSoCartFunctionality status=SUCCESS method=TestHabcoPage.testAddTSoCartFunct...)</span>
                <span class="method-start">68015 ms</span>
              </div> <!-- configuration-method after -->
              <div class="test-method">
                <span class="method-name">testNavigationToCheckoutPage</span>
                <span class="method-start">68016 ms</span>
              </div> <!-- test-method -->
              <div class="configuration-method after">
                <span class="method-name">testResult([TestResult name=testNavigationToCheckoutPage status=SUCCESS method=TestHabcoPage.testNavigationToCh...)</span>
                <span class="method-start">68914 ms</span>
              </div> <!-- configuration-method after -->
              <div class="test-method">
                <span class="method-name">testNavigationToPaymentPage</span>
                <span class="method-start">68915 ms</span>
              </div> <!-- test-method -->
              <div class="configuration-method after">
                <span class="method-name">testResult([TestResult name=testNavigationToPaymentPage status=SUCCESS method=TestHabcoPage.testNavigationToPay...)</span>
                <span class="method-start">73364 ms</span>
              </div> <!-- configuration-method after -->
              <div class="test-method">
                <span class="method-name">testPaymentProcess</span>
                <span class="method-start">73365 ms</span>
              </div> <!-- test-method -->
              <div class="configuration-method after">
                <span class="method-name">testResult([TestResult name=testPaymentProcess status=SUCCESS method=TestHabcoPage.testPaymentProcess()[pri:0, ...)</span>
                <span class="method-start">74035 ms</span>
              </div> <!-- configuration-method after -->
              <div class="test-method">
                <img src="failed.png">
                </img>
                <span class="method-name">testSuccessfullPayment</span>
                <span class="method-start">74035 ms</span>
              </div> <!-- test-method -->
              <div class="configuration-method after">
                <span class="method-name">testResult([TestResult name=testSuccessfullPayment status=FAILURE method=TestHabcoPage.testSuccessfullPayment()...)</span>
                <span class="method-start">95261 ms</span>
              </div> <!-- configuration-method after -->
              <div class="configuration-class after">
                <span class="method-name">close</span>
                <span class="method-start">95419 ms</span>
              </div> <!-- configuration-class after -->
            </div> <!-- chronological-class -->
            <div class="chronological-class">
              <div class="chronological-class-name">com.Remosys.Wevend.TestLayer.TestGumBallPage</div> <!-- chronological-class-name -->
              <div class="configuration-class before">
                <span class="method-name">setUp(chrome)</span>
                <span class="method-start">95844 ms</span>
              </div> <!-- configuration-class before -->
              <div class="test-method">
                <span class="method-name">testGumballLaunch</span>
                <span class="method-start">97441 ms</span>
              </div> <!-- test-method -->
              <div class="configuration-method after">
                <span class="method-name">testResult([TestResult name=testGumballLaunch status=SUCCESS method=TestGumBallPage.testGumballLaunch()[pri:0, ...)</span>
                <span class="method-start">98373 ms</span>
              </div> <!-- configuration-method after -->
              <div class="test-method">
                <span class="method-name">testAddToCartFunctionality</span>
                <span class="method-start">98377 ms</span>
              </div> <!-- test-method -->
              <div class="configuration-method after">
                <span class="method-name">testResult([TestResult name=testAddToCartFunctionality status=SUCCESS method=TestGumBallPage.testAddToCartFunct...)</span>
                <span class="method-start">103398 ms</span>
              </div> <!-- configuration-method after -->
              <div class="test-method">
                <span class="method-name">testNavigationToCheckoutPage</span>
                <span class="method-start">103399 ms</span>
              </div> <!-- test-method -->
              <div class="configuration-method after">
                <span class="method-name">testResult([TestResult name=testNavigationToCheckoutPage status=SUCCESS method=TestGumBallPage.testNavigationTo...)</span>
                <span class="method-start">104391 ms</span>
              </div> <!-- configuration-method after -->
              <div class="test-method">
                <span class="method-name">testNavigationToPaymentPage</span>
                <span class="method-start">104394 ms</span>
              </div> <!-- test-method -->
              <div class="configuration-method after">
                <span class="method-name">testResult([TestResult name=testNavigationToPaymentPage status=SUCCESS method=TestGumBallPage.testNavigationToP...)</span>
                <span class="method-start">107807 ms</span>
              </div> <!-- configuration-method after -->
              <div class="test-method">
                <span class="method-name">testPaymentProcess</span>
                <span class="method-start">107808 ms</span>
              </div> <!-- test-method -->
              <div class="configuration-method after">
                <span class="method-name">testResult([TestResult name=testPaymentProcess status=SUCCESS method=TestGumBallPage.testPaymentProcess()[pri:0...)</span>
                <span class="method-start">108405 ms</span>
              </div> <!-- configuration-method after -->
              <div class="test-method">
                <img src="failed.png">
                </img>
                <span class="method-name">testSuccessfullPayment</span>
                <span class="method-start">108406 ms</span>
              </div> <!-- test-method -->
              <div class="configuration-method after">
                <span class="method-name">testResult([TestResult name=testSuccessfullPayment status=FAILURE method=TestGumBallPage.testSuccessfullPayment...)</span>
                <span class="method-start">129598 ms</span>
              </div> <!-- configuration-method after -->
              <div class="configuration-class after">
                <span class="method-name">close</span>
                <span class="method-start">129741 ms</span>
              </div> <!-- configuration-class after -->
            </div> <!-- chronological-class -->
            <div class="chronological-class">
              <div class="chronological-class-name">com.Remosys.Wevend.TestLayer.TestWevendStore</div> <!-- chronological-class-name -->
              <div class="configuration-suite after">
                <span class="method-name">closeReporter</span>
                <span class="method-start">130176 ms</span>
              </div> <!-- configuration-suite after -->
          </div> <!-- main-panel-content rounded-window-bottom -->
        </div> <!-- panel -->
      </div> <!-- main-panel-root -->
    </div> <!-- wrapper -->
  </body>
<script type="text/javascript" src="testng-reports2.js"></script>
</html>
